
Showing logs for build [32mkounan13-jenkinsx-sample-master-hksxk-1[0m stage [32mfrom-build-pack[0m and container [32mstep-credential-initializer-x8nsc[0m
{"level":"info","ts":1590072296.6123376,"logger":"fallback-logger","caller":"logging/config.go:69","msg":"Fetch GitHub commit ID from kodata failed: open /var/run/ko/refs/heads/0.8.0-ns-support: no such file or directory"}
{"level":"info","ts":1590072296.612612,"logger":"fallback-logger","caller":"creds-init/main.go:40","msg":"Credentials initialized."}

Showing logs for build [32mkounan13-jenkinsx-sample-master-hksxk-1[0m stage [32mfrom-build-pack[0m and container [32mstep-working-dir-initializer-sw2gd[0m
{"level":"info","ts":1590072299.468036,"logger":"fallback-logger","caller":"logging/config.go:69","msg":"Fetch GitHub commit ID from kodata failed: open /var/run/ko/HEAD: no such file or directory"}
{"level":"info","ts":1590072299.4686298,"logger":"fallback-logger","caller":"bash/main.go:64","msg":"Successfully executed command \"sh -c mkdir -p /workspace/source\"; output "}

Showing logs for build [32mkounan13-jenkinsx-sample-master-hksxk-1[0m stage [32mfrom-build-pack[0m and container [32mstep-place-tools[0m

Showing logs for build [32mkounan13-jenkinsx-sample-master-hksxk-1[0m stage [32mfrom-build-pack[0m and container [32mstep-git-source-kounan13-jenkinsx-sample-master-hksxk-bsjch[0m
{"level":"info","ts":1590072321.315856,"logger":"fallback-logger","caller":"logging/config.go:69","msg":"Fetch GitHub commit ID from kodata failed: open /var/run/ko/refs/heads/0.8.0-ns-support: no such file or directory"}
{"level":"info","ts":1590072323.064973,"logger":"fallback-logger","caller":"git/git.go:103","msg":"Successfully cloned https://github.com/********/jenkinsx-sample.git @ v0.0.1 in path /workspace/source"}

Showing logs for build [32mkounan13-jenkinsx-sample-master-hksxk-1[0m stage [32mfrom-build-pack[0m and container [32mstep-git-merge[0m
Using SHAs from PULL_REFS=master:
WARNING: no SHAs to merge, falling back to initial cloned commit

Showing logs for build [32mkounan13-jenkinsx-sample-master-hksxk-1[0m stage [32mfrom-build-pack[0m and container [32mstep-setup-jx-git-credentials[0m
Generated Git credentials file /workspace/xdg_config/git/credentials

Showing logs for build [32mkounan13-jenkinsx-sample-master-hksxk-1[0m stage [32mfrom-build-pack[0m and container [32mstep-build-make-build[0m
CGO_ENABLED=0 GO15VENDOREXPERIMENT=1 go build -ldflags '' -o bin/jenkinsx-sample main.go

Showing logs for build [32mkounan13-jenkinsx-sample-master-hksxk-1[0m stage [32mfrom-build-pack[0m and container [32mstep-build-container-build[0m
[36mINFO[0m[0004] Using dockerignore file: /workspace/source/.dockerignore 
[36mINFO[0m[0004] No base image, nothing to extract            
[36mINFO[0m[0004] Built cross stage deps: map[]                
[36mINFO[0m[0004] No base image, nothing to extract            
[36mINFO[0m[0004] Executing 0 build triggers                   
[36mINFO[0m[0004] cmd: EXPOSE                                  
[36mINFO[0m[0004] Adding exposed port: 8080/tcp                
[36mINFO[0m[0004] Checking for cached layer 615491047549.dkr.ecr.ap-northeast-1.amazonaws.com/todo/cache:7eab682ff7683500e12e11394f7666bc8142ca7a522cc2e735be9a7f4bc6baff... 
[36mINFO[0m[0006] No cached layer found for cmd COPY ./bin/ /  
[36mINFO[0m[0006] Unpacking rootfs as cmd COPY ./bin/ / requires it. 
[36mINFO[0m[0006] EXPOSE 8080                                  
[36mINFO[0m[0006] cmd: EXPOSE                                  
[36mINFO[0m[0006] Adding exposed port: 8080/tcp                
[36mINFO[0m[0006] No files changed in this command, skipping snapshotting. 
[36mINFO[0m[0006] ENTRYPOINT ["/jenkinsx-sample"]              
[36mINFO[0m[0006] No files changed in this command, skipping snapshotting. 
[36mINFO[0m[0006] COPY ./bin/ /                                
[36mINFO[0m[0006] Resolving 2 paths                            
[36mINFO[0m[0006] Taking snapshot of files...                  
[36mINFO[0m[0006] Pushing layer 615491047549.dkr.ecr.ap-northeast-1.amazonaws.com/todo/cache:7eab682ff7683500e12e11394f7666bc8142ca7a522cc2e735be9a7f4bc6baff to cache now 
[33mWARN[0m[0008] error uploading layer to cache: failed to push to destination 615491047549.dkr.ecr.ap-northeast-1.amazonaws.com/todo/cache:7eab682ff7683500e12e11394f7666bc8142ca7a522cc2e735be9a7f4bc6baff: POST https://615491047549.dkr.ecr.ap-northeast-1.amazonaws.com/v2/todo/cache/blobs/uploads/: NAME_UNKNOWN: The repository with name 'todo/cache' does not exist in the registry with id '615491047549' 

Showing logs for build [32mkounan13-jenkinsx-sample-master-hksxk-1[0m stage [32mfrom-build-pack[0m and container [32mstep-build-post-build[0m
no CVE provider running in the current ** namespace so skip adding image to be analysed

Showing logs for build [32mkounan13-jenkinsx-sample-master-hksxk-1[0m stage [32mfrom-build-pack[0m and container [32mstep-promote-changelog[0m
Converted /workspace/source/charts/jenkinsx-sample to an unshallow repository
Generating change log from git ref e6e51af12eaf8838252e67623045f5a46c523dc0 => dca2251081da36d28afefc7159107bb5e8b0f514
Associating user x-0 in users.jenkins.io with email yujishono@hotmail.com to git GitProvider user with login -0 as emails match
Adding label jenkins.io/git-github-userid=-0 to user x-0 in users.jenkins.io
WARNING: Failed to enrich commit e5d48e44c30c737f931c0297ac847c5d007cd591 with issues: User.jenkins.io "x-0" is invalid: metadata.labels: Invalid value: "-0": a valid label must be an empty string or consist of alphanumeric characters, '-', '_' or '.', and must start and end with an alphanumeric character (e.g. 'MyValue',  or 'my_value',  or '12345', regex used for validation is '(([A-Za-z0-9][-A-Za-z0-9_.]*)?[A-Za-z0-9])?')
Finding issues in commit messages using git format
WARNING: No release found for ********/jenkinsx-sample and tag v0.0.1 so creating a new release
Updated the release information at https://github.com/********/jenkinsx-sample/releases/tag/v0.0.1
generated: /workspace/source/charts/jenkinsx-sample/templates/release.yaml
Created Release jenkinsx-sample-0-0-1 resource in namespace **
Updating PipelineActivity ********-jenkinsx-sample-master-1 with version 0.0.1
Updated PipelineActivities ********-jenkinsx-sample-master-1 with release notes URL: https://github.com/********/jenkinsx-sample/releases/tag/v0.0.1

Showing logs for build [32mkounan13-jenkinsx-sample-master-hksxk-1[0m stage [32mfrom-build-pack[0m and container [32mstep-promote-helm-release[0m
WARNING: No $CHART_REPOSITORY defined so using the default value of: http://jenkins-x-chartmuseum:8080
Adding missing Helm repo: storage.googleapis.com https://storage.googleapis.com/chartmuseum.jenkins-x.io
Successfully added Helm repository storage.googleapis.com.
Adding missing Helm repo: jenkins-x-chartmuseum http://jenkins-x-chartmuseum:8080
Successfully added Helm repository jenkins-x-chartmuseum.
WARNING: No $CHART_REPOSITORY defined so using the default value of: http://jenkins-x-chartmuseum:8080
Uploading chart file jenkinsx-sample-0.0.1.tgz to http://jenkins-x-chartmuseum:8080/api/charts
Received 201 response: {"saved":true}

Showing logs for build [32mkounan13-jenkinsx-sample-master-hksxk-1[0m stage [32mfrom-build-pack[0m and container [32mstep-promote-jx-promote[0m
WARNING: prow based install so skip waiting for the merge of Pull Requests to go green as currently there is an issue with gettingstatuses from the PR, see https://github.com/jenkins-x/**/issues/2410
WARNING: No $CHART_REPOSITORY defined so using the default value of: http://jenkins-x-chartmuseum:8080
Promoting app jenkinsx-sample version 0.0.1 to namespace **-staging
Created Pull Request: https://github.com/********/environment-floral-painting-1590050997-staging/pull/1
Added label updatebot to Pull Request https://github.com/********/environment-floral-painting-1590050997-staging/pull/1
got git provider status pending from PR https://github.com/********/environment-floral-painting-1590050997-staging/pull/1
got git provider status pending from PR https://github.com/********/environment-floral-painting-1590050997-staging/pull/1
got git provider status pending from PR https://github.com/********/environment-floral-painting-1590050997-staging/pull/1
Pull Request https://github.com/********/environment-floral-painting-1590050997-staging/pull/1 is merged at sha 89cd0d3957db16419a64bd298e477485d0c7f28c
Pull Request merged but we are not waiting for the update pipeline to complete!
WARNING: Could not find the service URL in namespace **-staging for names jenkinsx-sample, **-jenkinsx-sample, **-staging-jenkinsx-sample
